{"C:\\Users\\gba05\\Desktop\\RocketSeat\\jest\\react-unit-testing\\src\\App.tsx": {"path":"C:\\Users\\gba05\\Desktop\\RocketSeat\\jest\\react-unit-testing\\src\\App.tsx","all":false,"statementMap":{"0":{"start":{"line":1,"column":0},"end":{"line":1,"column":32}},"1":{"start":{"line":2,"column":0},"end":{"line":2,"column":0}},"2":{"start":{"line":3,"column":0},"end":{"line":3,"column":16}},"3":{"start":{"line":4,"column":0},"end":{"line":4,"column":44}},"4":{"start":{"line":5,"column":0},"end":{"line":5,"column":61}},"5":{"start":{"line":6,"column":0},"end":{"line":6,"column":0}},"6":{"start":{"line":7,"column":0},"end":{"line":7,"column":24}},"7":{"start":{"line":8,"column":0},"end":{"line":8,"column":22}},"8":{"start":{"line":9,"column":0},"end":{"line":9,"column":43}},"9":{"start":{"line":10,"column":0},"end":{"line":10,"column":11}},"10":{"start":{"line":11,"column":0},"end":{"line":11,"column":3}},"11":{"start":{"line":12,"column":0},"end":{"line":12,"column":0}},"12":{"start":{"line":13,"column":0},"end":{"line":13,"column":41}},"13":{"start":{"line":14,"column":0},"end":{"line":14,"column":22}},"14":{"start":{"line":15,"column":0},"end":{"line":15,"column":58}},"15":{"start":{"line":16,"column":0},"end":{"line":16,"column":11}},"16":{"start":{"line":17,"column":0},"end":{"line":17,"column":3}},"17":{"start":{"line":18,"column":0},"end":{"line":18,"column":0}},"18":{"start":{"line":19,"column":0},"end":{"line":19,"column":10}},"19":{"start":{"line":20,"column":0},"end":{"line":20,"column":25}},"20":{"start":{"line":21,"column":0},"end":{"line":21,"column":26}},"21":{"start":{"line":22,"column":0},"end":{"line":22,"column":98}},"22":{"start":{"line":23,"column":0},"end":{"line":23,"column":52}},"23":{"start":{"line":24,"column":0},"end":{"line":24,"column":10}},"24":{"start":{"line":25,"column":0},"end":{"line":25,"column":9}},"25":{"start":{"line":26,"column":0},"end":{"line":26,"column":30}},"26":{"start":{"line":27,"column":0},"end":{"line":27,"column":17}},"27":{"start":{"line":28,"column":0},"end":{"line":28,"column":27}},"28":{"start":{"line":29,"column":0},"end":{"line":29,"column":20}},"29":{"start":{"line":30,"column":0},"end":{"line":30,"column":77}},"30":{"start":{"line":31,"column":0},"end":{"line":31,"column":17}},"31":{"start":{"line":32,"column":0},"end":{"line":32,"column":0}},"32":{"start":{"line":33,"column":0},"end":{"line":33,"column":13}},"33":{"start":{"line":34,"column":0},"end":{"line":34,"column":10}},"34":{"start":{"line":35,"column":0},"end":{"line":35,"column":9}},"35":{"start":{"line":36,"column":0},"end":{"line":36,"column":11}},"36":{"start":{"line":37,"column":0},"end":{"line":37,"column":10}},"37":{"start":{"line":38,"column":0},"end":{"line":38,"column":3}},"38":{"start":{"line":39,"column":0},"end":{"line":39,"column":1}},"39":{"start":{"line":40,"column":0},"end":{"line":40,"column":0}},"40":{"start":{"line":41,"column":0},"end":{"line":41,"column":18}}},"s":{"0":1,"1":1,"2":7,"3":7,"4":7,"5":7,"6":7,"7":1,"8":1,"9":1,"10":1,"11":7,"12":7,"13":1,"14":1,"15":1,"16":1,"17":7,"18":7,"19":7,"20":7,"21":7,"22":7,"23":7,"24":7,"25":7,"26":19,"27":19,"28":19,"29":19,"30":19,"31":19,"32":19,"33":7,"34":7,"35":7,"36":7,"37":7,"38":7,"39":1,"40":1},"branchMap":{"0":{"type":"branch","line":41,"loc":{"start":{"line":41,"column":0},"end":{"line":41,"column":15}},"locations":[{"start":{"line":41,"column":0},"end":{"line":41,"column":15}}]},"1":{"type":"branch","line":3,"loc":{"start":{"line":3,"column":0},"end":{"line":39,"column":1}},"locations":[{"start":{"line":3,"column":0},"end":{"line":39,"column":1}}]},"2":{"type":"branch","line":7,"loc":{"start":{"line":7,"column":2},"end":{"line":11,"column":3}},"locations":[{"start":{"line":7,"column":2},"end":{"line":11,"column":3}}]},"3":{"type":"branch","line":8,"loc":{"start":{"line":8,"column":15},"end":{"line":10,"column":5}},"locations":[{"start":{"line":8,"column":15},"end":{"line":10,"column":5}}]},"4":{"type":"branch","line":9,"loc":{"start":{"line":9,"column":14},"end":{"line":9,"column":43}},"locations":[{"start":{"line":9,"column":14},"end":{"line":9,"column":43}}]},"5":{"type":"branch","line":13,"loc":{"start":{"line":13,"column":2},"end":{"line":17,"column":3}},"locations":[{"start":{"line":13,"column":2},"end":{"line":17,"column":3}}]},"6":{"type":"branch","line":14,"loc":{"start":{"line":14,"column":15},"end":{"line":16,"column":5}},"locations":[{"start":{"line":14,"column":15},"end":{"line":16,"column":5}}]},"7":{"type":"branch","line":15,"loc":{"start":{"line":15,"column":14},"end":{"line":15,"column":57}},"locations":[{"start":{"line":15,"column":14},"end":{"line":15,"column":57}}]},"8":{"type":"branch","line":15,"loc":{"start":{"line":15,"column":36},"end":{"line":15,"column":56}},"locations":[{"start":{"line":15,"column":36},"end":{"line":15,"column":56}}]},"9":{"type":"branch","line":22,"loc":{"start":{"line":22,"column":63},"end":{"line":22,"column":94}},"locations":[{"start":{"line":22,"column":63},"end":{"line":22,"column":94}}]},"10":{"type":"branch","line":26,"loc":{"start":{"line":26,"column":19},"end":{"line":34,"column":9}},"locations":[{"start":{"line":26,"column":19},"end":{"line":34,"column":9}}]},"11":{"type":"branch","line":30,"loc":{"start":{"line":30,"column":31},"end":{"line":30,"column":57}},"locations":[{"start":{"line":30,"column":31},"end":{"line":30,"column":57}}]}},"b":{"0":[3],"1":[7],"2":[1],"3":[1],"4":[1],"5":[1],"6":[1],"7":[1],"8":[3],"9":[2],"10":[19],"11":[1]},"fnMap":{"0":{"name":"get","decl":{"start":{"line":41,"column":0},"end":{"line":41,"column":15}},"loc":{"start":{"line":41,"column":0},"end":{"line":41,"column":15}},"line":41},"1":{"name":"App","decl":{"start":{"line":3,"column":0},"end":{"line":39,"column":1}},"loc":{"start":{"line":3,"column":0},"end":{"line":39,"column":1}},"line":3},"2":{"name":"addToList","decl":{"start":{"line":7,"column":2},"end":{"line":11,"column":3}},"loc":{"start":{"line":7,"column":2},"end":{"line":11,"column":3}},"line":7},"3":{"name":"removeFromList","decl":{"start":{"line":13,"column":2},"end":{"line":17,"column":3}},"loc":{"start":{"line":13,"column":2},"end":{"line":17,"column":3}},"line":13},"4":{"name":"onChange","decl":{"start":{"line":22,"column":63},"end":{"line":22,"column":94}},"loc":{"start":{"line":22,"column":63},"end":{"line":22,"column":94}},"line":22},"5":{"name":"onClick","decl":{"start":{"line":30,"column":31},"end":{"line":30,"column":57}},"loc":{"start":{"line":30,"column":31},"end":{"line":30,"column":57}},"line":30}},"f":{"0":3,"1":7,"2":1,"3":1,"4":2,"5":1}}
}
