TN:
SF:src\components\List.tsx
FN:46,get
FN:7,List
FN:12,addToList
FN:18,removeFromList
FN:27,onChange
FN:35,onClick
FNF:6
FNH:6
FNDA:3,get
FNDA:7,List
FNDA:1,addToList
FNDA:1,removeFromList
FNDA:2,onChange
FNDA:1,onClick
DA:1,1
DA:2,1
DA:3,1
DA:4,1
DA:5,1
DA:6,1
DA:7,7
DA:8,7
DA:9,7
DA:10,7
DA:11,7
DA:12,7
DA:13,1
DA:14,1
DA:15,1
DA:16,1
DA:17,7
DA:18,7
DA:19,1
DA:20,1
DA:21,1
DA:22,1
DA:23,7
DA:24,7
DA:25,7
DA:26,7
DA:27,7
DA:28,7
DA:29,7
DA:30,7
DA:31,7
DA:32,6
DA:33,6
DA:34,6
DA:35,6
DA:36,6
DA:37,6
DA:38,6
DA:39,7
DA:40,7
DA:41,7
DA:42,7
DA:43,7
DA:44,7
DA:45,1
DA:46,1
LF:46
LH:46
BRDA:46,0,0,3
BRDA:7,1,0,7
BRDA:12,2,0,1
BRDA:13,3,0,1
BRDA:14,4,0,1
BRDA:18,5,0,1
BRDA:19,6,0,1
BRDA:20,7,0,1
BRDA:20,8,0,1
BRDA:27,9,0,2
BRDA:31,10,0,6
BRDA:35,11,0,1
BRF:12
BRH:12
end_of_record
