TN:
SF:src\App.tsx
FN:41,get
FN:3,App
FN:7,addToList
FN:13,removeFromList
FN:22,onChange
FN:30,onClick
FNF:6
FNH:6
FNDA:3,get
FNDA:7,App
FNDA:1,addToList
FNDA:1,removeFromList
FNDA:2,onChange
FNDA:1,onClick
DA:1,1
DA:2,1
DA:3,7
DA:4,7
DA:5,7
DA:6,7
DA:7,7
DA:8,1
DA:9,1
DA:10,1
DA:11,1
DA:12,7
DA:13,7
DA:14,1
DA:15,1
DA:16,1
DA:17,1
DA:18,7
DA:19,7
DA:20,7
DA:21,7
DA:22,7
DA:23,7
DA:24,7
DA:25,7
DA:26,7
DA:27,19
DA:28,19
DA:29,19
DA:30,19
DA:31,19
DA:32,19
DA:33,19
DA:34,7
DA:35,7
DA:36,7
DA:37,7
DA:38,7
DA:39,7
DA:40,1
DA:41,1
LF:41
LH:41
BRDA:41,0,0,3
BRDA:3,1,0,7
BRDA:7,2,0,1
BRDA:8,3,0,1
BRDA:9,4,0,1
BRDA:13,5,0,1
BRDA:14,6,0,1
BRDA:15,7,0,1
BRDA:15,8,0,3
BRDA:22,9,0,2
BRDA:26,10,0,19
BRDA:30,11,0,1
BRF:12
BRH:12
end_of_record
